ClientHello {
    protocol_version: TLSv1_2,
    random: [
        88,
        167,
        178,
        128,
        238,
        221,
        6,
        205,
        31,
        54,
        26,
        18,
        5,
        82,
        52,
        115,
        48,
        89,
        209,
        78,
        254,
        194,
        14,
        178,
        175,
        217,
        214,
        7,
        151,
        93,
        39,
        136,
    ],
    session_id: PrefixedBlob(
        32,
    ),
    offered_ciphers: PrefixedList {
        length: 66,
        items: [
            TLS_AES_256_GCM_SHA384,
            TLS_AES_128_GCM_SHA256,
            TLS_ECDHE_ECDSA_WITH_AES_256_GCM_SHA384,
            TLS_ECDHE_ECDSA_WITH_AES_128_GCM_SHA256,
            TLS_ECDHE_RSA_WITH_AES_256_GCM_SHA384,
            TLS_ECDHE_RSA_WITH_AES_128_GCM_SHA256,
            TLS_DHE_RSA_WITH_AES_256_GCM_SHA384,
            TLS_DHE_DSS_WITH_AES_256_GCM_SHA384,
            TLS_DHE_RSA_WITH_AES_128_GCM_SHA256,
            TLS_DHE_DSS_WITH_AES_128_GCM_SHA256,
            TLS_ECDHE_ECDSA_WITH_AES_256_CBC_SHA384,
            TLS_ECDHE_RSA_WITH_AES_256_CBC_SHA384,
            TLS_ECDHE_ECDSA_WITH_AES_128_CBC_SHA256,
            TLS_ECDHE_RSA_WITH_AES_128_CBC_SHA256,
            TLS_DHE_RSA_WITH_AES_256_CBC_SHA256,
            TLS_DHE_DSS_WITH_AES_256_CBC_SHA256,
            TLS_DHE_RSA_WITH_AES_128_CBC_SHA256,
            TLS_DHE_DSS_WITH_AES_128_CBC_SHA256,
            TLS_ECDHE_ECDSA_WITH_AES_256_CBC_SHA,
            TLS_ECDHE_RSA_WITH_AES_256_CBC_SHA,
            TLS_ECDHE_ECDSA_WITH_AES_128_CBC_SHA,
            TLS_ECDHE_RSA_WITH_AES_128_CBC_SHA,
            TLS_DHE_RSA_WITH_AES_256_CBC_SHA,
            TLS_DHE_DSS_WITH_AES_256_CBC_SHA,
            TLS_DHE_RSA_WITH_AES_128_CBC_SHA,
            TLS_DHE_DSS_WITH_AES_128_CBC_SHA,
            TLS_RSA_WITH_AES_256_GCM_SHA384,
            TLS_RSA_WITH_AES_128_GCM_SHA256,
            TLS_RSA_WITH_AES_256_CBC_SHA256,
            TLS_RSA_WITH_AES_128_CBC_SHA256,
            TLS_RSA_WITH_AES_256_CBC_SHA,
            TLS_RSA_WITH_AES_128_CBC_SHA,
            TLS_EMPTY_RENEGOTIATION_INFO_SCSV,
        ],
    },
    compression_methods: PrefixedBlob(
        1,
    ),
    extensions: Some(
        PrefixedList {
            length: 210,
            items: [
                ClientHelloExtension {
                    extension_type: SupportedGroups,
                    extension_data: SupportedGroups(
                        SupportedGroups {
                            named_curve_list: PrefixedList {
                                length: 16,
                                items: [
                                    Group {
                                        value: 23,
                                        description: "secp256r1",
                                    },
                                    Group {
                                        value: 24,
                                        description: "secp384r1",
                                    },
                                    Group {
                                        value: 25,
                                        description: "secp521r1",
                                    },
                                    Group {
                                        value: 256,
                                        description: "ffdhe2048",
                                    },
                                    Group {
                                        value: 257,
                                        description: "ffdhe3072",
                                    },
                                    Group {
                                        value: 258,
                                        description: "ffdhe4096",
                                    },
                                    Group {
                                        value: 259,
                                        description: "ffdhe6144",
                                    },
                                    Group {
                                        value: 260,
                                        description: "ffdhe8192",
                                    },
                                ],
                            },
                        },
                    ),
                },
                ClientHelloExtension {
                    extension_type: EcPointFormats,
                    extension_data: EcPointFormat(
                        EcPointFormatList {
                            ec_point_format_list: PrefixedList {
                                length: 1,
                                items: [
                                    Uncompressed,
                                ],
                            },
                        },
                    ),
                },
                ClientHelloExtension {
                    extension_type: SignatureAlgorithms,
                    extension_data: SignatureScheme(
                        SignatureSchemeList {
                            supported_signature_algorithms: PrefixedList {
                                length: 38,
                                items: [
                                    SignatureHash(
                                        SignatureAndHashAlgorithm {
                                            hash: Sha256,
                                            signature: Ecdsa,
                                        },
                                    ),
                                    SignatureHash(
                                        SignatureAndHashAlgorithm {
                                            hash: Sha384,
                                            signature: Ecdsa,
                                        },
                                    ),
                                    SignatureHash(
                                        SignatureAndHashAlgorithm {
                                            hash: Sha512,
                                            signature: Ecdsa,
                                        },
                                    ),
                                    SignatureScheme(
                                        SignatureScheme {
                                            value: 2052,
                                            description: "rsa_pss_rsae_sha256",
                                        },
                                    ),
                                    SignatureScheme(
                                        SignatureScheme {
                                            value: 2053,
                                            description: "rsa_pss_rsae_sha384",
                                        },
                                    ),
                                    SignatureScheme(
                                        SignatureScheme {
                                            value: 2054,
                                            description: "rsa_pss_rsae_sha512",
                                        },
                                    ),
                                    SignatureScheme(
                                        SignatureScheme {
                                            value: 2057,
                                            description: "rsa_pss_pss_sha256",
                                        },
                                    ),
                                    SignatureScheme(
                                        SignatureScheme {
                                            value: 2058,
                                            description: "rsa_pss_pss_sha384",
                                        },
                                    ),
                                    SignatureScheme(
                                        SignatureScheme {
                                            value: 2059,
                                            description: "rsa_pss_pss_sha512",
                                        },
                                    ),
                                    SignatureHash(
                                        SignatureAndHashAlgorithm {
                                            hash: Sha256,
                                            signature: Rsa,
                                        },
                                    ),
                                    SignatureHash(
                                        SignatureAndHashAlgorithm {
                                            hash: Sha384,
                                            signature: Rsa,
                                        },
                                    ),
                                    SignatureHash(
                                        SignatureAndHashAlgorithm {
                                            hash: Sha512,
                                            signature: Rsa,
                                        },
                                    ),
                                    SignatureHash(
                                        SignatureAndHashAlgorithm {
                                            hash: Sha256,
                                            signature: Dsa,
                                        },
                                    ),
                                    SignatureHash(
                                        SignatureAndHashAlgorithm {
                                            hash: Sha224,
                                            signature: Ecdsa,
                                        },
                                    ),
                                    SignatureHash(
                                        SignatureAndHashAlgorithm {
                                            hash: Sha224,
                                            signature: Rsa,
                                        },
                                    ),
                                    SignatureHash(
                                        SignatureAndHashAlgorithm {
                                            hash: Sha224,
                                            signature: Dsa,
                                        },
                                    ),
                                    SignatureHash(
                                        SignatureAndHashAlgorithm {
                                            hash: Sha1,
                                            signature: Ecdsa,
                                        },
                                    ),
                                    SignatureHash(
                                        SignatureAndHashAlgorithm {
                                            hash: Sha1,
                                            signature: Rsa,
                                        },
                                    ),
                                    SignatureHash(
                                        SignatureAndHashAlgorithm {
                                            hash: Sha1,
                                            signature: Dsa,
                                        },
                                    ),
                                ],
                            },
                        },
                    ),
                },
                ClientHelloExtension {
                    extension_type: SignatureAlgorithmsCert,
                    extension_data: SignatureSchemeCert(
                        SignatureSchemeList {
                            supported_signature_algorithms: PrefixedList {
                                length: 38,
                                items: [
                                    SignatureHash(
                                        SignatureAndHashAlgorithm {
                                            hash: Sha256,
                                            signature: Ecdsa,
                                        },
                                    ),
                                    SignatureHash(
                                        SignatureAndHashAlgorithm {
                                            hash: Sha384,
                                            signature: Ecdsa,
                                        },
                                    ),
                                    SignatureHash(
                                        SignatureAndHashAlgorithm {
                                            hash: Sha512,
                                            signature: Ecdsa,
                                        },
                                    ),
                                    SignatureScheme(
                                        SignatureScheme {
                                            value: 2052,
                                            description: "rsa_pss_rsae_sha256",
                                        },
                                    ),
                                    SignatureScheme(
                                        SignatureScheme {
                                            value: 2053,
                                            description: "rsa_pss_rsae_sha384",
                                        },
                                    ),
                                    SignatureScheme(
                                        SignatureScheme {
                                            value: 2054,
                                            description: "rsa_pss_rsae_sha512",
                                        },
                                    ),
                                    SignatureScheme(
                                        SignatureScheme {
                                            value: 2057,
                                            description: "rsa_pss_pss_sha256",
                                        },
                                    ),
                                    SignatureScheme(
                                        SignatureScheme {
                                            value: 2058,
                                            description: "rsa_pss_pss_sha384",
                                        },
                                    ),
                                    SignatureScheme(
                                        SignatureScheme {
                                            value: 2059,
                                            description: "rsa_pss_pss_sha512",
                                        },
                                    ),
                                    SignatureHash(
                                        SignatureAndHashAlgorithm {
                                            hash: Sha256,
                                            signature: Rsa,
                                        },
                                    ),
                                    SignatureHash(
                                        SignatureAndHashAlgorithm {
                                            hash: Sha384,
                                            signature: Rsa,
                                        },
                                    ),
                                    SignatureHash(
                                        SignatureAndHashAlgorithm {
                                            hash: Sha512,
                                            signature: Rsa,
                                        },
                                    ),
                                    SignatureHash(
                                        SignatureAndHashAlgorithm {
                                            hash: Sha256,
                                            signature: Dsa,
                                        },
                                    ),
                                    SignatureHash(
                                        SignatureAndHashAlgorithm {
                                            hash: Sha224,
                                            signature: Ecdsa,
                                        },
                                    ),
                                    SignatureHash(
                                        SignatureAndHashAlgorithm {
                                            hash: Sha224,
                                            signature: Rsa,
                                        },
                                    ),
                                    SignatureHash(
                                        SignatureAndHashAlgorithm {
                                            hash: Sha224,
                                            signature: Dsa,
                                        },
                                    ),
                                    SignatureHash(
                                        SignatureAndHashAlgorithm {
                                            hash: Sha1,
                                            signature: Ecdsa,
                                        },
                                    ),
                                    SignatureHash(
                                        SignatureAndHashAlgorithm {
                                            hash: Sha1,
                                            signature: Rsa,
                                        },
                                    ),
                                    SignatureHash(
                                        SignatureAndHashAlgorithm {
                                            hash: Sha1,
                                            signature: Dsa,
                                        },
                                    ),
                                ],
                            },
                        },
                    ),
                },
                ClientHelloExtension {
                    extension_type: ExtendedMasterSecret,
                    extension_data: ExtendedMasterSecret(
                        ExtendedMasterSecret,
                    ),
                },
                ClientHelloExtension {
                    extension_type: SupportedVersions,
                    extension_data: SupportedVersions(
                        SupportedVersionClientHello {
                            versions: PrefixedList {
                                length: 4,
                                items: [
                                    TLSv1_3,
                                    TLSv1_2,
                                ],
                            },
                        },
                    ),
                },
                ClientHelloExtension {
                    extension_type: PskKeyExchangeModes,
                    extension_data: PskKeyExchangeModes(
                        PskKeyExchangeModes {
                            ke_modes: PrefixedList {
                                length: 1,
                                items: [
                                    PskDheKe,
                                ],
                            },
                        },
                    ),
                },
                ClientHelloExtension {
                    extension_type: KeyShare,
                    extension_data: KeyShare(
                        KeyShareClientHello {
                            client_shares: PrefixedList {
                                length: 69,
                                items: [
                                    KeyShare {
                                        group: Group {
                                            value: 23,
                                            description: "secp256r1",
                                        },
                                        key_exchange: PrefixedBlob(
                                            65,
                                        ),
                                    },
                                ],
                            },
                        },
                    ),
                },
            ],
        },
    ),
}