[
    (
        Client,
        Handshake(
            ClientHello(
                ClientHello {
                    protocol_version: TLSv1_2,
                    random: [
                        171,
                        123,
                        14,
                        132,
                        40,
                        203,
                        76,
                        249,
                        59,
                        223,
                        189,
                        146,
                        190,
                        21,
                        111,
                        109,
                        128,
                        136,
                        63,
                        118,
                        122,
                        161,
                        47,
                        29,
                        240,
                        243,
                        46,
                        191,
                        61,
                        127,
                        159,
                        203,
                    ],
                    session_id: PrefixedBlob(
                        32,
                    ),
                    offered_ciphers: PrefixedList {
                        length: 60,
                        items: [
                            TLS_AES_256_GCM_SHA384,
                            TLS_CHACHA20_POLY1305_SHA256,
                            TLS_AES_128_GCM_SHA256,
                            TLS_ECDHE_ECDSA_WITH_AES_256_GCM_SHA384,
                            TLS_ECDHE_RSA_WITH_AES_256_GCM_SHA384,
                            TLS_DHE_RSA_WITH_AES_256_GCM_SHA384,
                            TLS_ECDHE_ECDSA_WITH_CHACHA20_POLY1305_SHA256,
                            TLS_ECDHE_RSA_WITH_CHACHA20_POLY1305_SHA256,
                            TLS_DHE_RSA_WITH_CHACHA20_POLY1305_SHA256,
                            TLS_ECDHE_ECDSA_WITH_AES_128_GCM_SHA256,
                            TLS_ECDHE_RSA_WITH_AES_128_GCM_SHA256,
                            TLS_DHE_RSA_WITH_AES_128_GCM_SHA256,
                            TLS_ECDHE_ECDSA_WITH_AES_256_CBC_SHA384,
                            TLS_ECDHE_RSA_WITH_AES_256_CBC_SHA384,
                            TLS_DHE_RSA_WITH_AES_256_CBC_SHA256,
                            TLS_ECDHE_ECDSA_WITH_AES_128_CBC_SHA256,
                            TLS_ECDHE_RSA_WITH_AES_128_CBC_SHA256,
                            TLS_DHE_RSA_WITH_AES_128_CBC_SHA256,
                            TLS_ECDHE_ECDSA_WITH_AES_256_CBC_SHA,
                            TLS_ECDHE_RSA_WITH_AES_256_CBC_SHA,
                            TLS_DHE_RSA_WITH_AES_256_CBC_SHA,
                            TLS_ECDHE_ECDSA_WITH_AES_128_CBC_SHA,
                            TLS_ECDHE_RSA_WITH_AES_128_CBC_SHA,
                            TLS_DHE_RSA_WITH_AES_128_CBC_SHA,
                            TLS_RSA_WITH_AES_256_GCM_SHA384,
                            TLS_RSA_WITH_AES_128_GCM_SHA256,
                            TLS_RSA_WITH_AES_256_CBC_SHA256,
                            TLS_RSA_WITH_AES_128_CBC_SHA256,
                            TLS_RSA_WITH_AES_256_CBC_SHA,
                            TLS_RSA_WITH_AES_128_CBC_SHA,
                        ],
                    },
                    compression_methods: PrefixedBlob(
                        1,
                    ),
                    extensions: Some(
                        PrefixedList {
                            length: 1382,
                            items: [
                                ClientHelloExtension {
                                    extension_type: RenegotiationInfo,
                                    extension_data: RenegotiationInfo(
                                        RenegotiationInfo {
                                            renegotiated_connection: PrefixedBlob(
                                                0,
                                            ),
                                        },
                                    ),
                                },
                                ClientHelloExtension {
                                    extension_type: EcPointFormats,
                                    extension_data: EcPointFormat(
                                        EcPointFormatList {
                                            ec_point_format_list: PrefixedList {
                                                length: 3,
                                                items: [
                                                    Uncompressed,
                                                    AnsiX962CompressedPrime,
                                                    AnsiX962CompressedChar2,
                                                ],
                                            },
                                        },
                                    ),
                                },
                                ClientHelloExtension {
                                    extension_type: SupportedGroups,
                                    extension_data: SupportedGroups(
                                        SupportedGroups {
                                            named_curve_list: PrefixedList {
                                                length: 16,
                                                items: [
                                                    Group {
                                                        value: 4588,
                                                        description: "X25519MLKEM768",
                                                    },
                                                    Group {
                                                        value: 29,
                                                        description: "x25519",
                                                    },
                                                    Group {
                                                        value: 23,
                                                        description: "secp256r1",
                                                    },
                                                    Group {
                                                        value: 30,
                                                        description: "x448",
                                                    },
                                                    Group {
                                                        value: 24,
                                                        description: "secp384r1",
                                                    },
                                                    Group {
                                                        value: 25,
                                                        description: "secp521r1",
                                                    },
                                                    Group {
                                                        value: 256,
                                                        description: "ffdhe2048",
                                                    },
                                                    Group {
                                                        value: 257,
                                                        description: "ffdhe3072",
                                                    },
                                                ],
                                            },
                                        },
                                    ),
                                },
                                ClientHelloExtension {
                                    extension_type: SessionTicket,
                                    extension_data: SessionTicket(
                                        SessionTicket {
                                            ticket: [],
                                        },
                                    ),
                                },
                                ClientHelloExtension {
                                    extension_type: EncryptThenMac,
                                    extension_data: EncryptThenMac(
                                        EncryptThenMac,
                                    ),
                                },
                                ClientHelloExtension {
                                    extension_type: ExtendedMasterSecret,
                                    extension_data: ExtendedMasterSecret(
                                        ExtendedMasterSecret,
                                    ),
                                },
                                ClientHelloExtension {
                                    extension_type: SignatureAlgorithms,
                                    extension_data: SignatureScheme(
                                        SignatureSchemeList {
                                            supported_signature_algorithms: PrefixedList {
                                                length: 52,
                                                items: [
                                                    SignatureScheme(
                                                        SignatureScheme {
                                                            value: 2309,
                                                            description: "mldsa65",
                                                        },
                                                    ),
                                                    SignatureScheme(
                                                        SignatureScheme {
                                                            value: 2310,
                                                            description: "mldsa87",
                                                        },
                                                    ),
                                                    SignatureScheme(
                                                        SignatureScheme {
                                                            value: 2308,
                                                            description: "mldsa44",
                                                        },
                                                    ),
                                                    SignatureHash(
                                                        SignatureAndHashAlgorithm {
                                                            hash: Sha256,
                                                            signature: Ecdsa,
                                                        },
                                                    ),
                                                    SignatureHash(
                                                        SignatureAndHashAlgorithm {
                                                            hash: Sha384,
                                                            signature: Ecdsa,
                                                        },
                                                    ),
                                                    SignatureHash(
                                                        SignatureAndHashAlgorithm {
                                                            hash: Sha512,
                                                            signature: Ecdsa,
                                                        },
                                                    ),
                                                    SignatureScheme(
                                                        SignatureScheme {
                                                            value: 2055,
                                                            description: "ed25519",
                                                        },
                                                    ),
                                                    SignatureScheme(
                                                        SignatureScheme {
                                                            value: 2056,
                                                            description: "ed448",
                                                        },
                                                    ),
                                                    SignatureScheme(
                                                        SignatureScheme {
                                                            value: 2074,
                                                            description: "ecdsa_brainpoolP256r1tls13_sha256",
                                                        },
                                                    ),
                                                    SignatureScheme(
                                                        SignatureScheme {
                                                            value: 2075,
                                                            description: "ecdsa_brainpoolP384r1tls13_sha384",
                                                        },
                                                    ),
                                                    SignatureScheme(
                                                        SignatureScheme {
                                                            value: 2076,
                                                            description: "ecdsa_brainpoolP512r1tls13_sha512",
                                                        },
                                                    ),
                                                    SignatureScheme(
                                                        SignatureScheme {
                                                            value: 2057,
                                                            description: "rsa_pss_pss_sha256",
                                                        },
                                                    ),
                                                    SignatureScheme(
                                                        SignatureScheme {
                                                            value: 2058,
                                                            description: "rsa_pss_pss_sha384",
                                                        },
                                                    ),
                                                    SignatureScheme(
                                                        SignatureScheme {
                                                            value: 2059,
                                                            description: "rsa_pss_pss_sha512",
                                                        },
                                                    ),
                                                    SignatureScheme(
                                                        SignatureScheme {
                                                            value: 2052,
                                                            description: "rsa_pss_rsae_sha256",
                                                        },
                                                    ),
                                                    SignatureScheme(
                                                        SignatureScheme {
                                                            value: 2053,
                                                            description: "rsa_pss_rsae_sha384",
                                                        },
                                                    ),
                                                    SignatureScheme(
                                                        SignatureScheme {
                                                            value: 2054,
                                                            description: "rsa_pss_rsae_sha512",
                                                        },
                                                    ),
                                                    SignatureHash(
                                                        SignatureAndHashAlgorithm {
                                                            hash: Sha256,
                                                            signature: Rsa,
                                                        },
                                                    ),
                                                    SignatureHash(
                                                        SignatureAndHashAlgorithm {
                                                            hash: Sha384,
                                                            signature: Rsa,
                                                        },
                                                    ),
                                                    SignatureHash(
                                                        SignatureAndHashAlgorithm {
                                                            hash: Sha512,
                                                            signature: Rsa,
                                                        },
                                                    ),
                                                    SignatureHash(
                                                        SignatureAndHashAlgorithm {
                                                            hash: Sha224,
                                                            signature: Ecdsa,
                                                        },
                                                    ),
                                                    SignatureHash(
                                                        SignatureAndHashAlgorithm {
                                                            hash: Sha224,
                                                            signature: Rsa,
                                                        },
                                                    ),
                                                    SignatureHash(
                                                        SignatureAndHashAlgorithm {
                                                            hash: Sha224,
                                                            signature: Dsa,
                                                        },
                                                    ),
                                                    SignatureHash(
                                                        SignatureAndHashAlgorithm {
                                                            hash: Sha256,
                                                            signature: Dsa,
                                                        },
                                                    ),
                                                    SignatureHash(
                                                        SignatureAndHashAlgorithm {
                                                            hash: Sha384,
                                                            signature: Dsa,
                                                        },
                                                    ),
                                                    SignatureHash(
                                                        SignatureAndHashAlgorithm {
                                                            hash: Sha512,
                                                            signature: Dsa,
                                                        },
                                                    ),
                                                ],
                                            },
                                        },
                                    ),
                                },
                                ClientHelloExtension {
                                    extension_type: SupportedVersions,
                                    extension_data: SupportedVersions(
                                        SupportedVersionClientHello {
                                            versions: PrefixedList {
                                                length: 4,
                                                items: [
                                                    TLSv1_3,
                                                    TLSv1_2,
                                                ],
                                            },
                                        },
                                    ),
                                },
                                ClientHelloExtension {
                                    extension_type: PskKeyExchangeModes,
                                    extension_data: PskKeyExchangeModes(
                                        PskKeyExchangeModes {
                                            ke_modes: PrefixedList {
                                                length: 1,
                                                items: [
                                                    PskDheKe,
                                                ],
                                            },
                                        },
                                    ),
                                },
                                ClientHelloExtension {
                                    extension_type: KeyShare,
                                    extension_data: KeyShare(
                                        KeyShareClientHello {
                                            client_shares: PrefixedList {
                                                length: 1256,
                                                items: [
                                                    KeyShare {
                                                        group: Group {
                                                            value: 4588,
                                                            description: "X25519MLKEM768",
                                                        },
                                                        key_exchange: PrefixedBlob(
                                                            1216,
                                                        ),
                                                    },
                                                    KeyShare {
                                                        group: Group {
                                                            value: 29,
                                                            description: "x25519",
                                                        },
                                                        key_exchange: PrefixedBlob(
                                                            32,
                                                        ),
                                                    },
                                                ],
                                            },
                                        },
                                    ),
                                },
                            ],
                        },
                    ),
                },
            ),
        ),
    ),
    (
        Server,
        Handshake(
            ServerHello(
                ServerHello {
                    protocol_version: TLSv1_2,
                    random: [
                        205,
                        31,
                        31,
                        29,
                        34,
                        135,
                        16,
                        208,
                        201,
                        14,
                        71,
                        247,
                        147,
                        233,
                        186,
                        120,
                        229,
                        91,
                        81,
                        49,
                        170,
                        50,
                        172,
                        89,
                        204,
                        119,
                        0,
                        177,
                        63,
                        11,
                        212,
                        109,
                    ],
                    session_id_echo: PrefixedBlob(
                        32,
                    ),
                    cipher_suite: TLS_AES_256_GCM_SHA384,
                    legacy_compression_method: 0,
                    extensions: PrefixedList {
                        length: 1134,
                        items: [
                            Extension {
                                extension_type: SupportedVersions,
                                extension_data: PrefixedBlob(
                                    2,
                                ),
                            },
                            Extension {
                                extension_type: KeyShare,
                                extension_data: PrefixedBlob(
                                    1124,
                                ),
                            },
                        ],
                    },
                },
            ),
        ),
    ),
    (
        Server,
        ChangeCipherSpec(
            ChangeCipherSpec,
        ),
    ),
    (
        Server,
        Handshake(
            EncryptedExtensions(
                EncryptedExtensions {
                    extensions: PrefixedBlob(
                        0,
                    ),
                },
            ),
        ),
    ),
    (
        Server,
        Handshake(
            CertificateTls13(
                CertificateTls13 {
                    certificate_request_context: PrefixedBlob(
                        0,
                    ),
                    certificate_list: PrefixedList {
                        length: U24(
                            2453,
                        ),
                        items: [
                            CertificateEntry {
                                cert_data: PrefixedBlob(
                                    806,
                                ),
                                extensions: PrefixedBlob(
                                    0,
                                ),
                            },
                            CertificateEntry {
                                cert_data: PrefixedBlob(
                                    817,
                                ),
                                extensions: PrefixedBlob(
                                    0,
                                ),
                            },
                            CertificateEntry {
                                cert_data: PrefixedBlob(
                                    815,
                                ),
                                extensions: PrefixedBlob(
                                    0,
                                ),
                            },
                        ],
                    },
                },
            ),
        ),
    ),
    (
        Server,
        Handshake(
            CertVerifyTls13(
                CertVerifyTls13 {
                    algorithm: SignatureScheme {
                        value: 2052,
                        description: "rsa_pss_rsae_sha256",
                    },
                    signature: PrefixedBlob(
                        256,
                    ),
                },
            ),
        ),
    ),
    (
        Server,
        Handshake(
            Finished(
                Finished {
                    verify_data: [
                        171,
                        186,
                        172,
                        109,
                        150,
                        24,
                        134,
                        236,
                        32,
                        208,
                        239,
                        203,
                        225,
                        54,
                        178,
                        251,
                        120,
                        251,
                        218,
                        21,
                        23,
                        178,
                        95,
                        133,
                        254,
                        168,
                        182,
                        237,
                        118,
                        162,
                        158,
                        252,
                        135,
                        86,
                        114,
                        144,
                        0,
                        76,
                        201,
                        111,
                        131,
                        35,
                        104,
                        205,
                        97,
                        95,
                        47,
                        107,
                    ],
                },
            ),
        ),
    ),
    (
        Client,
        ChangeCipherSpec(
            ChangeCipherSpec,
        ),
    ),
    (
        Client,
        Handshake(
            Finished(
                Finished {
                    verify_data: [
                        73,
                        200,
                        149,
                        219,
                        250,
                        67,
                        150,
                        112,
                        40,
                        71,
                        2,
                        166,
                        202,
                        100,
                        39,
                        190,
                        145,
                        165,
                        246,
                        188,
                        31,
                        223,
                        145,
                        142,
                        195,
                        134,
                        185,
                        187,
                        114,
                        142,
                        60,
                        13,
                        187,
                        104,
                        82,
                        167,
                        74,
                        55,
                        117,
                        214,
                        158,
                        188,
                        77,
                        37,
                        22,
                        144,
                        81,
                        41,
                    ],
                },
            ),
        ),
    ),
    (
        Client,
        ApplicationData(
            [
                104,
                101,
                108,
                108,
                111,
                32,
                102,
                114,
                111,
                109,
                32,
                116,
                104,
                101,
                32,
                111,
                112,
                101,
                110,
                115,
                115,
                108,
                32,
                99,
                108,
                105,
                101,
                110,
                116,
            ],
        ),
    ),
    (
        Client,
        Alert(
            Alert {
                level: Warning,
                description: CloseNotify,
            },
        ),
    ),
    (
        Server,
        Handshake(
            NewSessionTicketTls13(
                NewSessionTicketTls13 {
                    ticket_lifetime: 7200,
                    ticket_age_add: 1877849869,
                    ticket_nonce: PrefixedBlob(
                        8,
                    ),
                    ticket: PrefixedBlob(
                        208,
                    ),
                    extensions: PrefixedList {
                        length: 0,
                        items: [],
                    },
                },
            ),
        ),
    ),
    (
        Server,
        Handshake(
            NewSessionTicketTls13(
                NewSessionTicketTls13 {
                    ticket_lifetime: 7200,
                    ticket_age_add: 4201963233,
                    ticket_nonce: PrefixedBlob(
                        8,
                    ),
                    ticket: PrefixedBlob(
                        208,
                    ),
                    extensions: PrefixedList {
                        length: 0,
                        items: [],
                    },
                },
            ),
        ),
    ),
    (
        Server,
        Alert(
            Alert {
                level: Warning,
                description: CloseNotify,
            },
        ),
    ),
]