[
    (
        Client,
        Handshake(
            ClientHello(
                ClientHello {
                    protocol_version: TLSv1_2,
                    random: [
                        11,
                        183,
                        87,
                        49,
                        134,
                        50,
                        0,
                        92,
                        0,
                        230,
                        28,
                        9,
                        204,
                        67,
                        231,
                        104,
                        9,
                        67,
                        178,
                        137,
                        13,
                        215,
                        254,
                        205,
                        91,
                        183,
                        212,
                        79,
                        229,
                        200,
                        193,
                        81,
                    ],
                    session_id: PrefixedBlob(
                        32,
                    ),
                    offered_ciphers: PrefixedList {
                        length: 20,
                        items: [
                            TLS_AES_256_GCM_SHA384,
                            TLS_AES_128_GCM_SHA256,
                            TLS_CHACHA20_POLY1305_SHA256,
                            TLS_ECDHE_ECDSA_WITH_AES_256_GCM_SHA384,
                            TLS_ECDHE_ECDSA_WITH_AES_128_GCM_SHA256,
                            TLS_ECDHE_ECDSA_WITH_CHACHA20_POLY1305_SHA256,
                            TLS_ECDHE_RSA_WITH_AES_256_GCM_SHA384,
                            TLS_ECDHE_RSA_WITH_AES_128_GCM_SHA256,
                            TLS_ECDHE_RSA_WITH_CHACHA20_POLY1305_SHA256,
                            TLS_EMPTY_RENEGOTIATION_INFO_SCSV,
                        ],
                    },
                    compression_methods: PrefixedBlob(
                        1,
                    ),
                    extensions: Some(
                        PrefixedList {
                            length: 1358,
                            items: [
                                ClientHelloExtension {
                                    extension_type: SupportedGroups,
                                    extension_data: SupportedGroups(
                                        SupportedGroups {
                                            named_curve_list: PrefixedList {
                                                length: 8,
                                                items: [
                                                    Group {
                                                        value: 4588,
                                                        description: "X25519MLKEM768",
                                                    },
                                                    Group {
                                                        value: 29,
                                                        description: "x25519",
                                                    },
                                                    Group {
                                                        value: 23,
                                                        description: "secp256r1",
                                                    },
                                                    Group {
                                                        value: 24,
                                                        description: "secp384r1",
                                                    },
                                                ],
                                            },
                                        },
                                    ),
                                },
                                ClientHelloExtension {
                                    extension_type: SignatureAlgorithms,
                                    extension_data: SignatureScheme(
                                        SignatureSchemeList {
                                            supported_signature_algorithms: PrefixedList {
                                                length: 20,
                                                items: [
                                                    SignatureHash(
                                                        SignatureAndHashAlgorithm {
                                                            hash: Sha384,
                                                            signature: Ecdsa,
                                                        },
                                                    ),
                                                    SignatureHash(
                                                        SignatureAndHashAlgorithm {
                                                            hash: Sha256,
                                                            signature: Ecdsa,
                                                        },
                                                    ),
                                                    SignatureHash(
                                                        SignatureAndHashAlgorithm {
                                                            hash: Sha512,
                                                            signature: Ecdsa,
                                                        },
                                                    ),
                                                    SignatureScheme(
                                                        SignatureScheme {
                                                            value: 2055,
                                                            description: "ed25519",
                                                        },
                                                    ),
                                                    SignatureScheme(
                                                        SignatureScheme {
                                                            value: 2054,
                                                            description: "rsa_pss_rsae_sha512",
                                                        },
                                                    ),
                                                    SignatureScheme(
                                                        SignatureScheme {
                                                            value: 2053,
                                                            description: "rsa_pss_rsae_sha384",
                                                        },
                                                    ),
                                                    SignatureScheme(
                                                        SignatureScheme {
                                                            value: 2052,
                                                            description: "rsa_pss_rsae_sha256",
                                                        },
                                                    ),
                                                    SignatureHash(
                                                        SignatureAndHashAlgorithm {
                                                            hash: Sha512,
                                                            signature: Rsa,
                                                        },
                                                    ),
                                                    SignatureHash(
                                                        SignatureAndHashAlgorithm {
                                                            hash: Sha384,
                                                            signature: Rsa,
                                                        },
                                                    ),
                                                    SignatureHash(
                                                        SignatureAndHashAlgorithm {
                                                            hash: Sha256,
                                                            signature: Rsa,
                                                        },
                                                    ),
                                                ],
                                            },
                                        },
                                    ),
                                },
                                ClientHelloExtension {
                                    extension_type: SupportedVersions,
                                    extension_data: SupportedVersions(
                                        SupportedVersionClientHello {
                                            versions: PrefixedList {
                                                length: 4,
                                                items: [
                                                    TLSv1_3,
                                                    TLSv1_2,
                                                ],
                                            },
                                        },
                                    ),
                                },
                                ClientHelloExtension {
                                    extension_type: ExtendedMasterSecret,
                                    extension_data: ExtendedMasterSecret(
                                        ExtendedMasterSecret,
                                    ),
                                },
                                ClientHelloExtension {
                                    extension_type: EcPointFormats,
                                    extension_data: EcPointFormat(
                                        EcPointFormatList {
                                            ec_point_format_list: PrefixedList {
                                                length: 1,
                                                items: [
                                                    Uncompressed,
                                                ],
                                            },
                                        },
                                    ),
                                },
                                ClientHelloExtension {
                                    extension_type: ServerName,
                                    extension_data: ServerName(
                                        ServerNameClientHello {
                                            server_name_list: PrefixedList {
                                                length: 12,
                                                items: [
                                                    ServerName {
                                                        name_type: Host,
                                                        host_name: "localhost",
                                                    },
                                                ],
                                            },
                                        },
                                    ),
                                },
                                ClientHelloExtension {
                                    extension_type: StatusRequest,
                                    extension_data: StatusRequest(
                                        CertificateStatus {
                                            status_type: Ocsp,
                                            request: OcspStatusRequest {
                                                responder_id_list: PrefixedList {
                                                    length: 0,
                                                    items: [],
                                                },
                                                extensions: PrefixedBlob(
                                                    0,
                                                ),
                                            },
                                        },
                                    ),
                                },
                                ClientHelloExtension {
                                    extension_type: SessionTicket,
                                    extension_data: SessionTicket(
                                        SessionTicket {
                                            ticket: [],
                                        },
                                    ),
                                },
                                ClientHelloExtension {
                                    extension_type: KeyShare,
                                    extension_data: KeyShare(
                                        KeyShareClientHello {
                                            client_shares: PrefixedList {
                                                length: 1256,
                                                items: [
                                                    KeyShare {
                                                        group: Group {
                                                            value: 4588,
                                                            description: "X25519MLKEM768",
                                                        },
                                                        key_exchange: PrefixedBlob(
                                                            1216,
                                                        ),
                                                    },
                                                    KeyShare {
                                                        group: Group {
                                                            value: 29,
                                                            description: "x25519",
                                                        },
                                                        key_exchange: PrefixedBlob(
                                                            32,
                                                        ),
                                                    },
                                                ],
                                            },
                                        },
                                    ),
                                },
                                ClientHelloExtension {
                                    extension_type: PskKeyExchangeModes,
                                    extension_data: PskKeyExchangeModes(
                                        PskKeyExchangeModes {
                                            ke_modes: PrefixedList {
                                                length: 1,
                                                items: [
                                                    PskDheKe,
                                                ],
                                            },
                                        },
                                    ),
                                },
                            ],
                        },
                    ),
                },
            ),
        ),
    ),
    (
        Server,
        Handshake(
            ServerHello(
                ServerHello {
                    protocol_version: TLSv1_2,
                    random: [
                        46,
                        6,
                        68,
                        246,
                        124,
                        105,
                        6,
                        71,
                        73,
                        201,
                        102,
                        11,
                        210,
                        105,
                        11,
                        77,
                        191,
                        246,
                        221,
                        75,
                        221,
                        149,
                        195,
                        209,
                        3,
                        222,
                        138,
                        132,
                        225,
                        199,
                        54,
                        36,
                    ],
                    session_id_echo: PrefixedBlob(
                        32,
                    ),
                    cipher_suite: TLS_AES_256_GCM_SHA384,
                    legacy_compression_method: 0,
                    extensions: PrefixedList {
                        length: 1134,
                        items: [
                            Extension {
                                extension_type: KeyShare,
                                extension_data: PrefixedBlob(
                                    1124,
                                ),
                            },
                            Extension {
                                extension_type: SupportedVersions,
                                extension_data: PrefixedBlob(
                                    2,
                                ),
                            },
                        ],
                    },
                },
            ),
        ),
    ),
    (
        Client,
        Handshake(
            Finished(
                Finished {
                    verify_data: [
                        25,
                        127,
                        7,
                        159,
                        223,
                    ],
                },
            ),
        ),
    ),
    (
        Server,
        Handshake(
            NewSessionTicketTls13(
                NewSessionTicketTls13 {
                    ticket_lifetime: 86400,
                    ticket_age_add: 479481903,
                    ticket_nonce: PrefixedBlob(
                        32,
                    ),
                    ticket: PrefixedBlob(
                        32,
                    ),
                    extensions: PrefixedList {
                        length: 0,
                        items: [],
                    },
                },
            ),
        ),
    ),
    (
        Server,
        ApplicationData(
            [
                72,
                101,
                108,
                108,
                111,
                32,
                102,
                114,
                111,
                109,
                32,
                116,
                104,
                101,
                32,
                115,
                101,
                114,
                118,
                101,
                114,
            ],
        ),
    ),
    (
        Server,
        Alert(
            Alert {
                level: Warning,
                description: CloseNotify,
            },
        ),
    ),
    (
        Client,
        Alert(
            Alert {
                level: Warning,
                description: CloseNotify,
            },
        ),
    ),
]