Mutex {
    data: [
        (
            Client,
            Handshake(
                ClientHello(
                    ClientHello {
                        protocol_version: TLSv1_2,
                        random: [
                            38,
                            5,
                            146,
                            36,
                            27,
                            251,
                            159,
                            211,
                            177,
                            92,
                            8,
                            66,
                            188,
                            79,
                            48,
                            132,
                            119,
                            254,
                            106,
                            41,
                            205,
                            107,
                            206,
                            37,
                            217,
                            180,
                            62,
                            104,
                            48,
                            19,
                            188,
                            123,
                        ],
                        session_id: PrefixedBlob(
                            32,
                        ),
                        offered_ciphers: PrefixedList {
                            length: 38,
                            items: [
                                TLS_ECDHE_RSA_WITH_AES_128_GCM_SHA256,
                                TLS_ECDHE_RSA_WITH_AES_256_GCM_SHA384,
                                TLS_ECDHE_ECDSA_WITH_AES_128_GCM_SHA256,
                                TLS_ECDHE_ECDSA_WITH_AES_256_GCM_SHA384,
                                TLS_ECDHE_RSA_WITH_CHACHA20_POLY1305_SHA256,
                                TLS_ECDHE_ECDSA_WITH_CHACHA20_POLY1305_SHA256,
                                TLS_ECDHE_RSA_WITH_AES_128_CBC_SHA,
                                TLS_ECDHE_ECDSA_WITH_AES_128_CBC_SHA,
                                TLS_ECDHE_RSA_WITH_AES_256_CBC_SHA,
                                TLS_ECDHE_ECDSA_WITH_AES_256_CBC_SHA,
                                TLS_RSA_WITH_AES_128_GCM_SHA256,
                                TLS_RSA_WITH_AES_256_GCM_SHA384,
                                TLS_RSA_WITH_AES_128_CBC_SHA,
                                TLS_RSA_WITH_AES_256_CBC_SHA,
                                TLS_ECDHE_RSA_WITH_3DES_EDE_CBC_SHA,
                                TLS_RSA_WITH_3DES_EDE_CBC_SHA,
                                TLS_AES_128_GCM_SHA256,
                                TLS_CHACHA20_POLY1305_SHA256,
                                TLS_AES_256_GCM_SHA384,
                            ],
                        },
                        compression_methods: PrefixedBlob(
                            1,
                        ),
                        extensions: Some(
                            PrefixedList {
                                length: 141,
                                items: [
                                    ClientHelloExtension {
                                        extension_type: ServerName,
                                        extension_data: ServerName(
                                            ServerNameClientHello {
                                                server_name_list: PrefixedList {
                                                    length: 12,
                                                    items: [
                                                        ServerName {
                                                            name_type: Host,
                                                            host_name: "localhost",
                                                        },
                                                    ],
                                                },
                                            },
                                        ),
                                    },
                                    ClientHelloExtension {
                                        extension_type: StatusRequest,
                                        extension_data: StatusRequest(
                                            CertificateStatus {
                                                status_type: Ocsp,
                                                request: OcspStatusRequest {
                                                    responder_id_list: PrefixedList {
                                                        length: 0,
                                                        items: [],
                                                    },
                                                    extensions: PrefixedBlob(
                                                        0,
                                                    ),
                                                },
                                            },
                                        ),
                                    },
                                    ClientHelloExtension {
                                        extension_type: SupportedGroups,
                                        extension_data: SupportedGroups(
                                            SupportedGroups {
                                                named_curve_list: PrefixedList {
                                                    length: 8,
                                                    items: [
                                                        Group {
                                                            value: 29,
                                                            description: "x25519",
                                                        },
                                                        Group {
                                                            value: 23,
                                                            description: "secp256r1",
                                                        },
                                                        Group {
                                                            value: 24,
                                                            description: "secp384r1",
                                                        },
                                                        Group {
                                                            value: 25,
                                                            description: "secp521r1",
                                                        },
                                                    ],
                                                },
                                            },
                                        ),
                                    },
                                    ClientHelloExtension {
                                        extension_type: EcPointFormats,
                                        extension_data: EcPointFormat(
                                            EcPointFormatList {
                                                ec_point_format_list: PrefixedList {
                                                    length: 1,
                                                    items: [
                                                        Uncompressed,
                                                    ],
                                                },
                                            },
                                        ),
                                    },
                                    ClientHelloExtension {
                                        extension_type: SignatureAlgorithms,
                                        extension_data: SignatureScheme(
                                            SignatureSchemeList {
                                                supported_signature_algorithms: PrefixedList {
                                                    length: 24,
                                                    items: [
                                                        SignatureScheme(
                                                            SignatureScheme {
                                                                value: 2052,
                                                                description: "rsa_pss_rsae_sha256",
                                                            },
                                                        ),
                                                        SignatureHash(
                                                            SignatureAndHashAlgorithm {
                                                                hash: Sha256,
                                                                signature: Ecdsa,
                                                            },
                                                        ),
                                                        SignatureScheme(
                                                            SignatureScheme {
                                                                value: 2055,
                                                                description: "ed25519",
                                                            },
                                                        ),
                                                        SignatureScheme(
                                                            SignatureScheme {
                                                                value: 2053,
                                                                description: "rsa_pss_rsae_sha384",
                                                            },
                                                        ),
                                                        SignatureScheme(
                                                            SignatureScheme {
                                                                value: 2054,
                                                                description: "rsa_pss_rsae_sha512",
                                                            },
                                                        ),
                                                        SignatureHash(
                                                            SignatureAndHashAlgorithm {
                                                                hash: Sha256,
                                                                signature: Rsa,
                                                            },
                                                        ),
                                                        SignatureHash(
                                                            SignatureAndHashAlgorithm {
                                                                hash: Sha384,
                                                                signature: Rsa,
                                                            },
                                                        ),
                                                        SignatureHash(
                                                            SignatureAndHashAlgorithm {
                                                                hash: Sha512,
                                                                signature: Rsa,
                                                            },
                                                        ),
                                                        SignatureHash(
                                                            SignatureAndHashAlgorithm {
                                                                hash: Sha384,
                                                                signature: Ecdsa,
                                                            },
                                                        ),
                                                        SignatureHash(
                                                            SignatureAndHashAlgorithm {
                                                                hash: Sha512,
                                                                signature: Ecdsa,
                                                            },
                                                        ),
                                                        SignatureHash(
                                                            SignatureAndHashAlgorithm {
                                                                hash: Sha1,
                                                                signature: Rsa,
                                                            },
                                                        ),
                                                        SignatureHash(
                                                            SignatureAndHashAlgorithm {
                                                                hash: Sha1,
                                                                signature: Ecdsa,
                                                            },
                                                        ),
                                                    ],
                                                },
                                            },
                                        ),
                                    },
                                    ClientHelloExtension {
                                        extension_type: RenegotiationInfo,
                                        extension_data: RenegotiationInfo(
                                            RenegotiationInfo {
                                                renegotiated_connection: PrefixedBlob(
                                                    0,
                                                ),
                                            },
                                        ),
                                    },
                                    ClientHelloExtension {
                                        extension_type: SignedCertificateTimestamp,
                                        extension_data: SignedCertificateTimestamp(
                                            SignedCertificateTimestampClientHello,
                                        ),
                                    },
                                    ClientHelloExtension {
                                        extension_type: SupportedVersions,
                                        extension_data: SupportedVersions(
                                            SupportedVersionClientHello {
                                                versions: PrefixedList {
                                                    length: 8,
                                                    items: [
                                                        TLSv1_3,
                                                        TLSv1_2,
                                                        TLSv1_1,
                                                        TLSv1_0,
                                                    ],
                                                },
                                            },
                                        ),
                                    },
                                    ClientHelloExtension {
                                        extension_type: KeyShare,
                                        extension_data: KeyShare(
                                            KeyShareClientHello {
                                                client_shares: PrefixedList {
                                                    length: 36,
                                                    items: [
                                                        KeyShare {
                                                            group: Group {
                                                                value: 29,
                                                                description: "x25519",
                                                            },
                                                            key_exchange: PrefixedBlob(
                                                                32,
                                                            ),
                                                        },
                                                    ],
                                                },
                                            },
                                        ),
                                    },
                                ],
                            },
                        ),
                    },
                ),
            ),
        ),
        (
            Server,
            Handshake(
                ServerHello(
                    ServerHello {
                        protocol_version: TLSv1_2,
                        random: [
                            252,
                            227,
                            227,
                            33,
                            255,
                            7,
                            42,
                            213,
                            179,
                            122,
                            229,
                            82,
                            207,
                            244,
                            208,
                            218,
                            161,
                            252,
                            106,
                            166,
                            147,
                            137,
                            250,
                            88,
                            82,
                            61,
                            184,
                            59,
                            137,
                            147,
                            214,
                            190,
                        ],
                        session_id_echo: PrefixedBlob(
                            32,
                        ),
                        cipher_suite: TLS_AES_128_GCM_SHA256,
                        legacy_compression_method: 0,
                        extensions: PrefixedList {
                            length: 46,
                            items: [
                                Extension {
                                    extension_type: SupportedVersions,
                                    extension_data: PrefixedBlob(
                                        2,
                                    ),
                                },
                                Extension {
                                    extension_type: KeyShare,
                                    extension_data: PrefixedBlob(
                                        36,
                                    ),
                                },
                            ],
                        },
                    },
                ),
            ),
        ),
        (
            Server,
            ChangeCipherSpec(
                ChangeCipherSpec,
            ),
        ),
        (
            Server,
            Handshake(
                EncryptedExtensions(
                    EncryptedExtensions {
                        extensions: PrefixedBlob(
                            0,
                        ),
                    },
                ),
            ),
        ),
        (
            Server,
            Handshake(
                CertificateTls13(
                    CertificateTls13 {
                        certificate_request_context: PrefixedBlob(
                            0,
                        ),
                        certificate_list: PrefixedList {
                            length: U24(
                                1450,
                            ),
                            items: [
                                CertificateEntry {
                                    cert_data: PrefixedBlob(
                                        471,
                                    ),
                                    extensions: PrefixedBlob(
                                        0,
                                    ),
                                },
                                CertificateEntry {
                                    cert_data: PrefixedBlob(
                                        483,
                                    ),
                                    extensions: PrefixedBlob(
                                        0,
                                    ),
                                },
                                CertificateEntry {
                                    cert_data: PrefixedBlob(
                                        481,
                                    ),
                                    extensions: PrefixedBlob(
                                        0,
                                    ),
                                },
                            ],
                        },
                    },
                ),
            ),
        ),
        (
            Server,
            Handshake(
                CertVerifyTls13(
                    CertVerifyTls13 {
                        algorithm: SignatureScheme {
                            value: 1283,
                            description: "ecdsa_secp384r1_sha384",
                        },
                        signature: PrefixedBlob(
                            104,
                        ),
                    },
                ),
            ),
        ),
        (
            Server,
            Handshake(
                Finished(
                    Finished {
                        verify_data: [
                            95,
                            190,
                            134,
                            195,
                            26,
                            23,
                            90,
                            34,
                            115,
                            180,
                            76,
                            45,
                            186,
                            245,
                            97,
                            100,
                            142,
                            170,
                            240,
                            125,
                            212,
                            210,
                            55,
                            91,
                            126,
                            184,
                            112,
                            179,
                            185,
                            225,
                            115,
                            79,
                        ],
                    },
                ),
            ),
        ),
        (
            Client,
            ChangeCipherSpec(
                ChangeCipherSpec,
            ),
        ),
        (
            Client,
            Handshake(
                Finished(
                    Finished {
                        verify_data: [
                            185,
                            171,
                            99,
                            43,
                            234,
                            71,
                            98,
                            185,
                            47,
                            145,
                            199,
                            64,
                            53,
                            149,
                            127,
                            121,
                            16,
                            248,
                            170,
                            19,
                            4,
                            205,
                            94,
                            42,
                            233,
                            9,
                            0,
                            108,
                            24,
                            223,
                            48,
                            80,
                        ],
                    },
                ),
            ),
        ),
        (
            Client,
            Alert(
                Alert {
                    level: Warning,
                    description: CloseNotify,
                },
            ),
        ),
        (
            Server,
            Alert(
                Alert {
                    level: Warning,
                    description: CloseNotify,
                },
            ),
        ),
    ],
    poisoned: false,
    ..
}