[
    (
        Client,
        Handshake(
            ClientHello(
                ClientHello {
                    protocol_version: TLSv1_2,
                    random: [
                        186,
                        243,
                        254,
                        5,
                        8,
                        91,
                        143,
                        173,
                        96,
                        184,
                        197,
                        52,
                        198,
                        116,
                        169,
                        226,
                        164,
                        141,
                        216,
                        121,
                        174,
                        239,
                        56,
                        228,
                        7,
                        73,
                        225,
                        39,
                        111,
                        131,
                        192,
                        255,
                    ],
                    session_id: PrefixedBlob(
                        32,
                    ),
                    offered_ciphers: PrefixedList {
                        length: 60,
                        items: [
                            TLS_AES_256_GCM_SHA384,
                            TLS_CHACHA20_POLY1305_SHA256,
                            TLS_AES_128_GCM_SHA256,
                            TLS_ECDHE_ECDSA_WITH_AES_256_GCM_SHA384,
                            TLS_ECDHE_RSA_WITH_AES_256_GCM_SHA384,
                            TLS_DHE_RSA_WITH_AES_256_GCM_SHA384,
                            TLS_ECDHE_ECDSA_WITH_CHACHA20_POLY1305_SHA256,
                            TLS_ECDHE_RSA_WITH_CHACHA20_POLY1305_SHA256,
                            TLS_DHE_RSA_WITH_CHACHA20_POLY1305_SHA256,
                            TLS_ECDHE_ECDSA_WITH_AES_128_GCM_SHA256,
                            TLS_ECDHE_RSA_WITH_AES_128_GCM_SHA256,
                            TLS_DHE_RSA_WITH_AES_128_GCM_SHA256,
                            TLS_ECDHE_ECDSA_WITH_AES_256_CBC_SHA384,
                            TLS_ECDHE_RSA_WITH_AES_256_CBC_SHA384,
                            TLS_DHE_RSA_WITH_AES_256_CBC_SHA256,
                            TLS_ECDHE_ECDSA_WITH_AES_128_CBC_SHA256,
                            TLS_ECDHE_RSA_WITH_AES_128_CBC_SHA256,
                            TLS_DHE_RSA_WITH_AES_128_CBC_SHA256,
                            TLS_ECDHE_ECDSA_WITH_AES_256_CBC_SHA,
                            TLS_ECDHE_RSA_WITH_AES_256_CBC_SHA,
                            TLS_DHE_RSA_WITH_AES_256_CBC_SHA,
                            TLS_ECDHE_ECDSA_WITH_AES_128_CBC_SHA,
                            TLS_ECDHE_RSA_WITH_AES_128_CBC_SHA,
                            TLS_DHE_RSA_WITH_AES_128_CBC_SHA,
                            TLS_RSA_WITH_AES_256_GCM_SHA384,
                            TLS_RSA_WITH_AES_128_GCM_SHA256,
                            TLS_RSA_WITH_AES_256_CBC_SHA256,
                            TLS_RSA_WITH_AES_128_CBC_SHA256,
                            TLS_RSA_WITH_AES_256_CBC_SHA,
                            TLS_RSA_WITH_AES_128_CBC_SHA,
                        ],
                    },
                    compression_methods: PrefixedBlob(
                        1,
                    ),
                    extensions: Some(
                        PrefixedList {
                            length: 1382,
                            items: [
                                ClientHelloExtension {
                                    extension_type: RenegotiationInfo,
                                    extension_data: RenegotiationInfo(
                                        RenegotiationInfo {
                                            renegotiated_connection: PrefixedBlob(
                                                0,
                                            ),
                                        },
                                    ),
                                },
                                ClientHelloExtension {
                                    extension_type: EcPointFormats,
                                    extension_data: EcPointFormat(
                                        EcPointFormatList {
                                            ec_point_format_list: PrefixedList {
                                                length: 3,
                                                items: [
                                                    Uncompressed,
                                                    AnsiX962CompressedPrime,
                                                    AnsiX962CompressedChar2,
                                                ],
                                            },
                                        },
                                    ),
                                },
                                ClientHelloExtension {
                                    extension_type: SupportedGroups,
                                    extension_data: SupportedGroups(
                                        SupportedGroups {
                                            named_curve_list: PrefixedList {
                                                length: 16,
                                                items: [
                                                    Group {
                                                        value: 4588,
                                                        description: "X25519MLKEM768",
                                                    },
                                                    Group {
                                                        value: 29,
                                                        description: "x25519",
                                                    },
                                                    Group {
                                                        value: 23,
                                                        description: "secp256r1",
                                                    },
                                                    Group {
                                                        value: 30,
                                                        description: "x448",
                                                    },
                                                    Group {
                                                        value: 24,
                                                        description: "secp384r1",
                                                    },
                                                    Group {
                                                        value: 25,
                                                        description: "secp521r1",
                                                    },
                                                    Group {
                                                        value: 256,
                                                        description: "ffdhe2048",
                                                    },
                                                    Group {
                                                        value: 257,
                                                        description: "ffdhe3072",
                                                    },
                                                ],
                                            },
                                        },
                                    ),
                                },
                                ClientHelloExtension {
                                    extension_type: SessionTicket,
                                    extension_data: SessionTicket(
                                        SessionTicket {
                                            ticket: [],
                                        },
                                    ),
                                },
                                ClientHelloExtension {
                                    extension_type: EncryptThenMac,
                                    extension_data: EncryptThenMac(
                                        EncryptThenMac,
                                    ),
                                },
                                ClientHelloExtension {
                                    extension_type: ExtendedMasterSecret,
                                    extension_data: ExtendedMasterSecret(
                                        ExtendedMasterSecret,
                                    ),
                                },
                                ClientHelloExtension {
                                    extension_type: SignatureAlgorithms,
                                    extension_data: SignatureScheme(
                                        SignatureSchemeList {
                                            supported_signature_algorithms: PrefixedList {
                                                length: 52,
                                                items: [
                                                    SignatureScheme(
                                                        SignatureScheme {
                                                            value: 2309,
                                                            description: "mldsa65",
                                                        },
                                                    ),
                                                    SignatureScheme(
                                                        SignatureScheme {
                                                            value: 2310,
                                                            description: "mldsa87",
                                                        },
                                                    ),
                                                    SignatureScheme(
                                                        SignatureScheme {
                                                            value: 2308,
                                                            description: "mldsa44",
                                                        },
                                                    ),
                                                    SignatureHash(
                                                        SignatureAndHashAlgorithm {
                                                            hash: Sha256,
                                                            signature: Ecdsa,
                                                        },
                                                    ),
                                                    SignatureHash(
                                                        SignatureAndHashAlgorithm {
                                                            hash: Sha384,
                                                            signature: Ecdsa,
                                                        },
                                                    ),
                                                    SignatureHash(
                                                        SignatureAndHashAlgorithm {
                                                            hash: Sha512,
                                                            signature: Ecdsa,
                                                        },
                                                    ),
                                                    SignatureScheme(
                                                        SignatureScheme {
                                                            value: 2055,
                                                            description: "ed25519",
                                                        },
                                                    ),
                                                    SignatureScheme(
                                                        SignatureScheme {
                                                            value: 2056,
                                                            description: "ed448",
                                                        },
                                                    ),
                                                    SignatureScheme(
                                                        SignatureScheme {
                                                            value: 2074,
                                                            description: "ecdsa_brainpoolP256r1tls13_sha256",
                                                        },
                                                    ),
                                                    SignatureScheme(
                                                        SignatureScheme {
                                                            value: 2075,
                                                            description: "ecdsa_brainpoolP384r1tls13_sha384",
                                                        },
                                                    ),
                                                    SignatureScheme(
                                                        SignatureScheme {
                                                            value: 2076,
                                                            description: "ecdsa_brainpoolP512r1tls13_sha512",
                                                        },
                                                    ),
                                                    SignatureScheme(
                                                        SignatureScheme {
                                                            value: 2057,
                                                            description: "rsa_pss_pss_sha256",
                                                        },
                                                    ),
                                                    SignatureScheme(
                                                        SignatureScheme {
                                                            value: 2058,
                                                            description: "rsa_pss_pss_sha384",
                                                        },
                                                    ),
                                                    SignatureScheme(
                                                        SignatureScheme {
                                                            value: 2059,
                                                            description: "rsa_pss_pss_sha512",
                                                        },
                                                    ),
                                                    SignatureScheme(
                                                        SignatureScheme {
                                                            value: 2052,
                                                            description: "rsa_pss_rsae_sha256",
                                                        },
                                                    ),
                                                    SignatureScheme(
                                                        SignatureScheme {
                                                            value: 2053,
                                                            description: "rsa_pss_rsae_sha384",
                                                        },
                                                    ),
                                                    SignatureScheme(
                                                        SignatureScheme {
                                                            value: 2054,
                                                            description: "rsa_pss_rsae_sha512",
                                                        },
                                                    ),
                                                    SignatureHash(
                                                        SignatureAndHashAlgorithm {
                                                            hash: Sha256,
                                                            signature: Rsa,
                                                        },
                                                    ),
                                                    SignatureHash(
                                                        SignatureAndHashAlgorithm {
                                                            hash: Sha384,
                                                            signature: Rsa,
                                                        },
                                                    ),
                                                    SignatureHash(
                                                        SignatureAndHashAlgorithm {
                                                            hash: Sha512,
                                                            signature: Rsa,
                                                        },
                                                    ),
                                                    SignatureHash(
                                                        SignatureAndHashAlgorithm {
                                                            hash: Sha224,
                                                            signature: Ecdsa,
                                                        },
                                                    ),
                                                    SignatureHash(
                                                        SignatureAndHashAlgorithm {
                                                            hash: Sha224,
                                                            signature: Rsa,
                                                        },
                                                    ),
                                                    SignatureHash(
                                                        SignatureAndHashAlgorithm {
                                                            hash: Sha224,
                                                            signature: Dsa,
                                                        },
                                                    ),
                                                    SignatureHash(
                                                        SignatureAndHashAlgorithm {
                                                            hash: Sha256,
                                                            signature: Dsa,
                                                        },
                                                    ),
                                                    SignatureHash(
                                                        SignatureAndHashAlgorithm {
                                                            hash: Sha384,
                                                            signature: Dsa,
                                                        },
                                                    ),
                                                    SignatureHash(
                                                        SignatureAndHashAlgorithm {
                                                            hash: Sha512,
                                                            signature: Dsa,
                                                        },
                                                    ),
                                                ],
                                            },
                                        },
                                    ),
                                },
                                ClientHelloExtension {
                                    extension_type: SupportedVersions,
                                    extension_data: SupportedVersions(
                                        SupportedVersionClientHello {
                                            versions: PrefixedList {
                                                length: 4,
                                                items: [
                                                    TLSv1_3,
                                                    TLSv1_2,
                                                ],
                                            },
                                        },
                                    ),
                                },
                                ClientHelloExtension {
                                    extension_type: PskKeyExchangeModes,
                                    extension_data: PskKeyExchangeModes(
                                        PskKeyExchangeModes {
                                            ke_modes: PrefixedList {
                                                length: 1,
                                                items: [
                                                    PskDheKe,
                                                ],
                                            },
                                        },
                                    ),
                                },
                                ClientHelloExtension {
                                    extension_type: KeyShare,
                                    extension_data: KeyShare(
                                        KeyShareClientHello {
                                            client_shares: PrefixedList {
                                                length: 1256,
                                                items: [
                                                    KeyShare {
                                                        group: Group {
                                                            value: 4588,
                                                            description: "X25519MLKEM768",
                                                        },
                                                        key_exchange: PrefixedBlob(
                                                            1216,
                                                        ),
                                                    },
                                                    KeyShare {
                                                        group: Group {
                                                            value: 29,
                                                            description: "x25519",
                                                        },
                                                        key_exchange: PrefixedBlob(
                                                            32,
                                                        ),
                                                    },
                                                ],
                                            },
                                        },
                                    ),
                                },
                            ],
                        },
                    ),
                },
            ),
        ),
    ),
    (
        Server,
        Handshake(
            ServerHello(
                ServerHello {
                    protocol_version: TLSv1_2,
                    random: [
                        4,
                        230,
                        55,
                        60,
                        84,
                        34,
                        39,
                        182,
                        142,
                        122,
                        224,
                        67,
                        238,
                        44,
                        246,
                        225,
                        116,
                        113,
                        204,
                        30,
                        217,
                        122,
                        246,
                        52,
                        4,
                        171,
                        97,
                        87,
                        125,
                        155,
                        93,
                        44,
                    ],
                    session_id_echo: PrefixedBlob(
                        32,
                    ),
                    cipher_suite: TLS_AES_256_GCM_SHA384,
                    legacy_compression_method: 0,
                    extensions: PrefixedList {
                        length: 1134,
                        items: [
                            Extension {
                                extension_type: SupportedVersions,
                                extension_data: PrefixedBlob(
                                    2,
                                ),
                            },
                            Extension {
                                extension_type: KeyShare,
                                extension_data: PrefixedBlob(
                                    1124,
                                ),
                            },
                        ],
                    },
                },
            ),
        ),
    ),
    (
        Server,
        Handshake(
            EncryptedExtensions(
                EncryptedExtensions {
                    extensions: PrefixedBlob(
                        0,
                    ),
                },
            ),
        ),
    ),
    (
        Server,
        Handshake(
            CertificateTls13(
                CertificateTls13 {
                    certificate_request_context: PrefixedBlob(
                        0,
                    ),
                    certificate_list: PrefixedList {
                        length: U24(
                            2453,
                        ),
                        items: [
                            CertificateEntry {
                                cert_data: PrefixedBlob(
                                    806,
                                ),
                                extensions: PrefixedBlob(
                                    0,
                                ),
                            },
                            CertificateEntry {
                                cert_data: PrefixedBlob(
                                    817,
                                ),
                                extensions: PrefixedBlob(
                                    0,
                                ),
                            },
                            CertificateEntry {
                                cert_data: PrefixedBlob(
                                    815,
                                ),
                                extensions: PrefixedBlob(
                                    0,
                                ),
                            },
                        ],
                    },
                },
            ),
        ),
    ),
    (
        Server,
        Handshake(
            CertVerifyTls13(
                CertVerifyTls13 {
                    algorithm: SignatureScheme {
                        value: 2052,
                        description: "rsa_pss_rsae_sha256",
                    },
                    signature: PrefixedBlob(
                        256,
                    ),
                },
            ),
        ),
    ),
    (
        Server,
        Handshake(
            Finished(
                Finished {
                    verify_data: [
                        84,
                        128,
                        34,
                        101,
                        142,
                    ],
                },
            ),
        ),
    ),
    (
        Client,
        Handshake(
            Finished(
                Finished {
                    verify_data: [
                        194,
                        115,
                        253,
                        57,
                        254,
                    ],
                },
            ),
        ),
    ),
    (
        Client,
        ApplicationData(
            [
                104,
                101,
                108,
                108,
                111,
                32,
                102,
                114,
                111,
                109,
                32,
                116,
                104,
                101,
                32,
                111,
                112,
                101,
                110,
                115,
                115,
                108,
                32,
                99,
                108,
                105,
                101,
                110,
                116,
            ],
        ),
    ),
    (
        Client,
        Alert(
            Alert {
                level: Warning,
                description: CloseNotify,
            },
        ),
    ),
    (
        Server,
        Handshake(
            NewSessionTicketTls13(
                NewSessionTicketTls13 {
                    ticket_lifetime: 7200,
                    ticket_age_add: 2130063654,
                    ticket_nonce: PrefixedBlob(
                        8,
                    ),
                    ticket: PrefixedBlob(
                        208,
                    ),
                    extensions: PrefixedList {
                        length: 0,
                        items: [],
                    },
                },
            ),
        ),
    ),
    (
        Server,
        Handshake(
            NewSessionTicketTls13(
                NewSessionTicketTls13 {
                    ticket_lifetime: 7200,
                    ticket_age_add: 1823853540,
                    ticket_nonce: PrefixedBlob(
                        8,
                    ),
                    ticket: PrefixedBlob(
                        208,
                    ),
                    extensions: PrefixedList {
                        length: 0,
                        items: [],
                    },
                },
            ),
        ),
    ),
    (
        Server,
        Alert(
            Alert {
                level: Warning,
                description: CloseNotify,
            },
        ),
    ),
]