[
    (
        Client,
        Handshake(
            ClientHello(
                ClientHello {
                    protocol_version: TLSv1_2,
                    random: [
                        246,
                        208,
                        44,
                        46,
                        172,
                        189,
                        121,
                        192,
                        151,
                        72,
                        221,
                        107,
                        162,
                        187,
                        195,
                        181,
                        79,
                        139,
                        185,
                        139,
                        10,
                        140,
                        183,
                        52,
                        251,
                        92,
                        217,
                        40,
                        174,
                        213,
                        89,
                        98,
                    ],
                    session_id: PrefixedBlob(
                        32,
                    ),
                    offered_ciphers: PrefixedList {
                        length: 20,
                        items: [
                            TLS_AES_256_GCM_SHA384,
                            TLS_AES_128_GCM_SHA256,
                            TLS_CHACHA20_POLY1305_SHA256,
                            TLS_ECDHE_ECDSA_WITH_AES_256_GCM_SHA384,
                            TLS_ECDHE_ECDSA_WITH_AES_128_GCM_SHA256,
                            TLS_ECDHE_ECDSA_WITH_CHACHA20_POLY1305_SHA256,
                            TLS_ECDHE_RSA_WITH_AES_256_GCM_SHA384,
                            TLS_ECDHE_RSA_WITH_AES_128_GCM_SHA256,
                            TLS_ECDHE_RSA_WITH_CHACHA20_POLY1305_SHA256,
                            TLS_EMPTY_RENEGOTIATION_INFO_SCSV,
                        ],
                    },
                    compression_methods: PrefixedBlob(
                        1,
                    ),
                    extensions: Some(
                        PrefixedList {
                            length: 1449,
                            items: [
                                ClientHelloExtension {
                                    extension_type: StatusRequest,
                                    extension_data: StatusRequest(
                                        CertificateStatus {
                                            status_type: Ocsp,
                                            request: OcspStatusRequest {
                                                responder_id_list: PrefixedList {
                                                    length: 0,
                                                    items: [],
                                                },
                                                extensions: PrefixedBlob(
                                                    0,
                                                ),
                                            },
                                        },
                                    ),
                                },
                                ClientHelloExtension {
                                    extension_type: SignatureAlgorithms,
                                    extension_data: SignatureScheme(
                                        SignatureSchemeList {
                                            supported_signature_algorithms: PrefixedList {
                                                length: 20,
                                                items: [
                                                    SignatureHash(
                                                        SignatureAndHashAlgorithm {
                                                            hash: Sha384,
                                                            signature: Ecdsa,
                                                        },
                                                    ),
                                                    SignatureHash(
                                                        SignatureAndHashAlgorithm {
                                                            hash: Sha256,
                                                            signature: Ecdsa,
                                                        },
                                                    ),
                                                    SignatureHash(
                                                        SignatureAndHashAlgorithm {
                                                            hash: Sha512,
                                                            signature: Ecdsa,
                                                        },
                                                    ),
                                                    SignatureScheme(
                                                        SignatureScheme {
                                                            value: 2055,
                                                            description: "ed25519",
                                                        },
                                                    ),
                                                    SignatureScheme(
                                                        SignatureScheme {
                                                            value: 2054,
                                                            description: "rsa_pss_rsae_sha512",
                                                        },
                                                    ),
                                                    SignatureScheme(
                                                        SignatureScheme {
                                                            value: 2053,
                                                            description: "rsa_pss_rsae_sha384",
                                                        },
                                                    ),
                                                    SignatureScheme(
                                                        SignatureScheme {
                                                            value: 2052,
                                                            description: "rsa_pss_rsae_sha256",
                                                        },
                                                    ),
                                                    SignatureHash(
                                                        SignatureAndHashAlgorithm {
                                                            hash: Sha512,
                                                            signature: Rsa,
                                                        },
                                                    ),
                                                    SignatureHash(
                                                        SignatureAndHashAlgorithm {
                                                            hash: Sha384,
                                                            signature: Rsa,
                                                        },
                                                    ),
                                                    SignatureHash(
                                                        SignatureAndHashAlgorithm {
                                                            hash: Sha256,
                                                            signature: Rsa,
                                                        },
                                                    ),
                                                ],
                                            },
                                        },
                                    ),
                                },
                                ClientHelloExtension {
                                    extension_type: SupportedGroups,
                                    extension_data: SupportedGroups(
                                        SupportedGroups {
                                            named_curve_list: PrefixedList {
                                                length: 8,
                                                items: [
                                                    Group {
                                                        value: 4588,
                                                        description: "X25519MLKEM768",
                                                    },
                                                    Group {
                                                        value: 29,
                                                        description: "x25519",
                                                    },
                                                    Group {
                                                        value: 23,
                                                        description: "secp256r1",
                                                    },
                                                    Group {
                                                        value: 24,
                                                        description: "secp384r1",
                                                    },
                                                ],
                                            },
                                        },
                                    ),
                                },
                                ClientHelloExtension {
                                    extension_type: SupportedVersions,
                                    extension_data: SupportedVersions(
                                        SupportedVersionClientHello {
                                            versions: PrefixedList {
                                                length: 4,
                                                items: [
                                                    TLSv1_3,
                                                    TLSv1_2,
                                                ],
                                            },
                                        },
                                    ),
                                },
                                ClientHelloExtension {
                                    extension_type: EcPointFormats,
                                    extension_data: EcPointFormat(
                                        EcPointFormatList {
                                            ec_point_format_list: PrefixedList {
                                                length: 1,
                                                items: [
                                                    Uncompressed,
                                                ],
                                            },
                                        },
                                    ),
                                },
                                ClientHelloExtension {
                                    extension_type: ServerName,
                                    extension_data: ServerName(
                                        ServerNameClientHello {
                                            server_name_list: PrefixedList {
                                                length: 12,
                                                items: [
                                                    ServerName {
                                                        name_type: Host,
                                                        host_name: "localhost",
                                                    },
                                                ],
                                            },
                                        },
                                    ),
                                },
                                ClientHelloExtension {
                                    extension_type: PskKeyExchangeModes,
                                    extension_data: PskKeyExchangeModes(
                                        PskKeyExchangeModes {
                                            ke_modes: PrefixedList {
                                                length: 1,
                                                items: [
                                                    PskDheKe,
                                                ],
                                            },
                                        },
                                    ),
                                },
                                ClientHelloExtension {
                                    extension_type: KeyShare,
                                    extension_data: KeyShare(
                                        KeyShareClientHello {
                                            client_shares: PrefixedList {
                                                length: 1256,
                                                items: [
                                                    KeyShare {
                                                        group: Group {
                                                            value: 4588,
                                                            description: "X25519MLKEM768",
                                                        },
                                                        key_exchange: PrefixedBlob(
                                                            1216,
                                                        ),
                                                    },
                                                    KeyShare {
                                                        group: Group {
                                                            value: 29,
                                                            description: "x25519",
                                                        },
                                                        key_exchange: PrefixedBlob(
                                                            32,
                                                        ),
                                                    },
                                                ],
                                            },
                                        },
                                    ),
                                },
                                ClientHelloExtension {
                                    extension_type: ExtendedMasterSecret,
                                    extension_data: ExtendedMasterSecret(
                                        ExtendedMasterSecret,
                                    ),
                                },
                                ClientHelloExtension {
                                    extension_type: PreSharedKey,
                                    extension_data: PreSharedKey(
                                        PresharedKeyClientHello {
                                            identities: PrefixedList {
                                                length: 38,
                                                items: [
                                                    PskIdentity {
                                                        identity: PrefixedBlob(
                                                            32,
                                                        ),
                                                        obfuscated_ticket_age: 2926450214,
                                                    },
                                                ],
                                            },
                                            binders: PrefixedList {
                                                length: 49,
                                                items: [
                                                    PskBinderEntry {
                                                        entry: PrefixedBlob(
                                                            48,
                                                        ),
                                                    },
                                                ],
                                            },
                                        },
                                    ),
                                },
                            ],
                        },
                    ),
                },
            ),
        ),
    ),
    (
        Server,
        Handshake(
            ServerHelloConfusion(
                ServerHello(
                    ServerHello {
                        protocol_version: TLSv1_2,
                        random: [
                            248,
                            212,
                            124,
                            91,
                            38,
                            41,
                            66,
                            229,
                            230,
                            240,
                            10,
                            63,
                            41,
                            203,
                            123,
                            226,
                            171,
                            163,
                            134,
                            208,
                            121,
                            226,
                            90,
                            27,
                            121,
                            191,
                            249,
                            148,
                            115,
                            153,
                            36,
                            25,
                        ],
                        session_id_echo: PrefixedBlob(
                            32,
                        ),
                        cipher_suite: TLS_AES_256_GCM_SHA384,
                        legacy_compression_method: 0,
                        extensions: PrefixedList {
                            length: 1140,
                            items: [
                                Extension {
                                    extension_type: KeyShare,
                                    extension_data: PrefixedBlob(
                                        1124,
                                    ),
                                },
                                Extension {
                                    extension_type: PreSharedKey,
                                    extension_data: PrefixedBlob(
                                        2,
                                    ),
                                },
                                Extension {
                                    extension_type: SupportedVersions,
                                    extension_data: PrefixedBlob(
                                        2,
                                    ),
                                },
                            ],
                        },
                    },
                ),
            ),
        ),
    ),
    (
        Client,
        ChangeCipherSpec(
            ChangeCipherSpec,
        ),
    ),
    (
        Client,
        Handshake(
            Finished(
                Finished {
                    verify_data: [
                        181,
                        190,
                        97,
                        50,
                        147,
                        61,
                        153,
                        155,
                        45,
                        218,
                        45,
                        27,
                        43,
                        51,
                        99,
                        94,
                        151,
                        141,
                        250,
                        94,
                        229,
                        28,
                        230,
                        164,
                        152,
                        54,
                        139,
                        251,
                        96,
                        103,
                        20,
                        214,
                        125,
                        224,
                        191,
                        249,
                        192,
                        138,
                        221,
                        60,
                        212,
                        77,
                        189,
                        88,
                        11,
                        18,
                        130,
                        132,
                    ],
                },
            ),
        ),
    ),
    (
        Server,
        ChangeCipherSpec(
            ChangeCipherSpec,
        ),
    ),
    (
        Server,
        Handshake(
            EncryptedExtensions(
                EncryptedExtensions {
                    extensions: PrefixedBlob(
                        0,
                    ),
                },
            ),
        ),
    ),
    (
        Server,
        Handshake(
            Finished(
                Finished {
                    verify_data: [
                        124,
                        152,
                        63,
                        59,
                        58,
                        101,
                        37,
                        89,
                        164,
                        183,
                        196,
                        77,
                        52,
                        253,
                        71,
                        154,
                        10,
                        179,
                        159,
                        251,
                        107,
                        166,
                        17,
                        53,
                        99,
                        178,
                        226,
                        149,
                        208,
                        117,
                        118,
                        221,
                        54,
                        147,
                        224,
                        140,
                        8,
                        26,
                        40,
                        63,
                        211,
                        193,
                        26,
                        47,
                        231,
                        149,
                        152,
                        220,
                    ],
                },
            ),
        ),
    ),
    (
        Server,
        Handshake(
            NewSessionTicketTls13(
                NewSessionTicketTls13 {
                    ticket_lifetime: 86400,
                    ticket_age_add: 1467602072,
                    ticket_nonce: PrefixedBlob(
                        32,
                    ),
                    ticket: PrefixedBlob(
                        32,
                    ),
                    extensions: PrefixedList {
                        length: 0,
                        items: [],
                    },
                },
            ),
        ),
    ),
    (
        Server,
        Handshake(
            NewSessionTicketTls13(
                NewSessionTicketTls13 {
                    ticket_lifetime: 86400,
                    ticket_age_add: 982912038,
                    ticket_nonce: PrefixedBlob(
                        32,
                    ),
                    ticket: PrefixedBlob(
                        32,
                    ),
                    extensions: PrefixedList {
                        length: 0,
                        items: [],
                    },
                },
            ),
        ),
    ),
    (
        Server,
        ApplicationData(
            [
                72,
                101,
                108,
                108,
                111,
                32,
                102,
                114,
                111,
                109,
                32,
                116,
                104,
                101,
                32,
                115,
                101,
                114,
                118,
                101,
                114,
            ],
        ),
    ),
    (
        Server,
        Alert(
            Alert {
                level: Warning,
                description: CloseNotify,
            },
        ),
    ),
    (
        Client,
        Alert(
            Alert {
                level: Warning,
                description: CloseNotify,
            },
        ),
    ),
]